# JRE version: OpenJDK Runtime Environment (17.0.7) (build 17.0.7+0-b2043.56-10550314)
# Java VM: OpenJDK 64-Bit Server VM (17.0.7+0-b2043.56-10550314, mixed mode, tiered, compressed oops, compressed class ptrs, g1 gc, windows-amd64)
GC Precious Log:
 CPUs: 4 total, 4 available
 Memory: 8071M
 Large Page Support: Disabled
 NUMA Support: Disabled
 Compressed Oops: Enabled (32-bit)
 Heap Region Size: 1M
 Heap Min Capacity: 8M
 Heap Initial Capacity: 128M
 Heap Max Capacity: 2018M
 Pre-touch: Disabled
 Parallel Workers: 4
 Concurrent Workers: 1
 Concurrent Refinement Workers: 4
 Periodic GC: Disabled
Heap:
 garbage-first heap   total 193536K, used 145819K [0x0000000081e00000, 0x0000000100000000)
  region size 1024K, 17 young (17408K), 2 survivors (2048K)
 Metaspace       used 73049K, committed 73536K, reserved 1114112K
  class space    used 8146K, committed 8384K, reserved 1048576K
GC Heap History (20 events):
Event: 36.164 GC heap before
{Heap before GC invocations=40 (full 0):
 garbage-first heap   total 160768K, used 137042K [0x0000000081e00000, 0x0000000100000000)
  region size 1024K, 28 young (28672K), 3 survivors (3072K)
 Metaspace       used 71271K, committed 71744K, reserved 1114112K
  class space    used 7952K, committed 8192K, reserved 1048576K
}
Event: 36.179 GC heap after
{Heap after GC invocations=41 (full 0):
 garbage-first heap   total 160768K, used 114191K [0x0000000081e00000, 0x0000000100000000)
  region size 1024K, 3 young (3072K), 3 survivors (3072K)
 Metaspace       used 71271K, committed 71744K, reserved 1114112K
  class space    used 7952K, committed 8192K, reserved 1048576K
}
Event: 37.062 GC heap before
{Heap before GC invocations=41 (full 0):
 garbage-first heap   total 160768K, used 136719K [0x0000000081e00000, 0x0000000100000000)
  region size 1024K, 25 young (25600K), 3 survivors (3072K)
 Metaspace       used 71865K, committed 72320K, reserved 1114112K
  class space    used 8080K, committed 8320K, reserved 1048576K
}
Event: 37.071 GC heap after
{Heap after GC invocations=42 (full 0):
 garbage-first heap   total 160768K, used 115748K [0x0000000081e00000, 0x0000000100000000)
  region size 1024K, 2 young (2048K), 2 survivors (2048K)
 Metaspace       used 71865K, committed 72320K, reserved 1114112K
  class space    used 8080K, committed 8320K, reserved 1048576K
}
Event: 38.032 GC heap before
{Heap before GC invocations=42 (full 0):
 garbage-first heap   total 160768K, used 137252K [0x0000000081e00000, 0x0000000100000000)
  region size 1024K, 23 young (23552K), 2 survivors (2048K)
 Metaspace       used 71931K, committed 72384K, reserved 1114112K
  class space    used 8082K, committed 8320K, reserved 1048576K
}
Event: 38.042 GC heap after
{Heap after GC invocations=43 (full 0):
 garbage-first heap   total 160768K, used 117619K [0x0000000081e00000, 0x0000000100000000)
  region size 1024K, 3 young (3072K), 3 survivors (3072K)
 Metaspace       used 71931K, committed 72384K, reserved 1114112K
  class space    used 8082K, committed 8320K, reserved 1048576K
}
Event: 38.788 GC heap before
{Heap before GC invocations=43 (full 0):
 garbage-first heap   total 160768K, used 138099K [0x0000000081e00000, 0x0000000100000000)
  region size 1024K, 23 young (23552K), 3 survivors (3072K)
 Metaspace       used 71978K, committed 72448K, reserved 1114112K
  class space    used 8083K, committed 8320K, reserved 1048576K
}
Event: 38.800 GC heap after
{Heap after GC invocations=44 (full 0):
 garbage-first heap   total 160768K, used 119198K [0x0000000081e00000, 0x0000000100000000)
  region size 1024K, 2 young (2048K), 2 survivors (2048K)
 Metaspace       used 71978K, committed 72448K, reserved 1114112K
  class space    used 8083K, committed 8320K, reserved 1048576K
}
Event: 39.680 GC heap before
{Heap before GC invocations=44 (full 0):
 garbage-first heap   total 160768K, used 138654K [0x0000000081e00000, 0x0000000100000000)
  region size 1024K, 21 young (21504K), 2 survivors (2048K)
 Metaspace       used 72044K, committed 72512K, reserved 1114112K
  class space    used 8083K, committed 8320K, reserved 1048576K
}
Event: 39.691 GC heap after
{Heap after GC invocations=45 (full 0):
 garbage-first heap   total 160768K, used 120570K [0x0000000081e00000, 0x0000000100000000)
  region size 1024K, 3 young (3072K), 3 survivors (3072K)
 Metaspace       used 72044K, committed 72512K, reserved 1114112K
  class space    used 8083K, committed 8320K, reserved 1048576K
}
Event: 40.362 GC heap before
{Heap before GC invocations=45 (full 0):
 garbage-first heap   total 160768K, used 139002K [0x0000000081e00000, 0x0000000100000000)
  region size 1024K, 21 young (21504K), 3 survivors (3072K)
 Metaspace       used 72086K, committed 72576K, reserved 1114112K
  class space    used 8083K, committed 8320K, reserved 1048576K
}
Event: 40.375 GC heap after
{Heap after GC invocations=46 (full 0):
 garbage-first heap   total 160768K, used 122027K [0x0000000081e00000, 0x0000000100000000)
  region size 1024K, 3 young (3072K), 3 survivors (3072K)
 Metaspace       used 72086K, committed 72576K, reserved 1114112K
  class space    used 8083K, committed 8320K, reserved 1048576K
}
Event: 40.971 GC heap before
{Heap before GC invocations=46 (full 0):
 garbage-first heap   total 160768K, used 139435K [0x0000000081e00000, 0x0000000100000000)
  region size 1024K, 20 young (20480K), 3 survivors (3072K)
 Metaspace       used 72125K, committed 72576K, reserved 1114112K
  class space    used 8083K, committed 8320K, reserved 1048576K
}
Event: 40.984 GC heap after
{Heap after GC invocations=47 (full 0):
 garbage-first heap   total 193536K, used 123236K [0x0000000081e00000, 0x0000000100000000)
  region size 1024K, 3 young (3072K), 3 survivors (3072K)
 Metaspace       used 72125K, committed 72576K, reserved 1114112K
  class space    used 8083K, committed 8320K, reserved 1048576K
}
Event: 43.458 GC heap before
{Heap before GC invocations=47 (full 0):
 garbage-first heap   total 193536K, used 164196K [0x0000000081e00000, 0x0000000100000000)
  region size 1024K, 43 young (44032K), 3 survivors (3072K)
 Metaspace       used 72277K, committed 72704K, reserved 1114112K
  class space    used 8093K, committed 8320K, reserved 1048576K
}
Event: 43.477 GC heap after
{Heap after GC invocations=48 (full 0):
 garbage-first heap   total 193536K, used 126497K [0x0000000081e00000, 0x0000000100000000)
  region size 1024K, 6 young (6144K), 6 survivors (6144K)
 Metaspace       used 72277K, committed 72704K, reserved 1114112K
  class space    used 8093K, committed 8320K, reserved 1048576K
}
Event: 48.998 GC heap before
{Heap before GC invocations=48 (full 0):
 garbage-first heap   total 193536K, used 164385K [0x0000000081e00000, 0x0000000100000000)
  region size 1024K, 43 young (44032K), 6 survivors (6144K)
 Metaspace       used 72477K, committed 72896K, reserved 1114112K
  class space    used 8093K, committed 8320K, reserved 1048576K
}
Event: 49.017 GC heap after
{Heap after GC invocations=49 (full 0):
 garbage-first heap   total 193536K, used 129588K [0x0000000081e00000, 0x0000000100000000)
  region size 1024K, 4 young (4096K), 4 survivors (4096K)
 Metaspace       used 72477K, committed 72896K, reserved 1114112K
  class space    used 8093K, committed 8320K, reserved 1048576K
}
Event: 51.159 GC heap before
{Heap before GC invocations=49 (full 0):
 garbage-first heap   total 193536K, used 164404K [0x0000000081e00000, 0x0000000100000000)
  region size 1024K, 38 young (38912K), 4 survivors (4096K)
 Metaspace       used 72810K, committed 73280K, reserved 1114112K
  class space    used 8119K, committed 8384K, reserved 1048576K
}
Event: 51.170 GC heap after
{Heap after GC invocations=50 (full 0):
 garbage-first heap   total 193536K, used 131483K [0x0000000081e00000, 0x0000000100000000)
  region size 1024K, 2 young (2048K), 2 survivors (2048K)
 Metaspace       used 72810K, committed 73280K, reserved 1114112K
  class space    used 8119K, committed 8384K, reserved 1048576K
}

