# JRE version: OpenJDK Runtime Environment (17.0.7) (build 17.0.7+0-b2043.56-10550314)
# Java VM: OpenJDK 64-Bit Server VM (17.0.7+0-b2043.56-10550314, mixed mode, tiered, compressed oops, compressed class ptrs, g1 gc, windows-amd64)
GC Precious Log:
 CPUs: 4 total, 4 available
 Memory: 8071M
 Large Page Support: Disabled
 NUMA Support: Disabled
 Compressed Oops: Enabled (32-bit)
 Heap Region Size: 1M
 Heap Min Capacity: 8M
 Heap Initial Capacity: 128M
 Heap Max Capacity: 2018M
 Pre-touch: Disabled
 Parallel Workers: 4
 Concurrent Workers: 1
 Concurrent Refinement Workers: 4
 Periodic GC: Disabled
Heap:
 garbage-first heap   total 97280K, used 71001K [0x0000000081e00000, 0x0000000100000000)
  region size 1024K, 14 young (14336K), 1 survivors (1024K)
 Metaspace       used 58404K, committed 58624K, reserved 1114112K
  class space    used 6786K, committed 6912K, reserved 1048576K
GC Heap History (20 events):
Event: 17.187 GC heap before
{Heap before GC invocations=13 (full 0):
 garbage-first heap   total 76800K, used 53042K [0x0000000081e00000, 0x0000000100000000)
  region size 1024K, 32 young (32768K), 2 survivors (2048K)
 Metaspace       used 46225K, committed 46464K, reserved 1114112K
  class space    used 5566K, committed 5696K, reserved 1048576K
}
Event: 17.208 GC heap after
{Heap after GC invocations=14 (full 0):
 garbage-first heap   total 76800K, used 26622K [0x0000000081e00000, 0x0000000100000000)
  region size 1024K, 4 young (4096K), 4 survivors (4096K)
 Metaspace       used 46225K, committed 46464K, reserved 1114112K
  class space    used 5566K, committed 5696K, reserved 1048576K
}
Event: 18.492 GC heap before
{Heap before GC invocations=14 (full 0):
 garbage-first heap   total 76800K, used 58366K [0x0000000081e00000, 0x0000000100000000)
  region size 1024K, 32 young (32768K), 4 survivors (4096K)
 Metaspace       used 50298K, committed 50496K, reserved 1114112K
  class space    used 6055K, committed 6144K, reserved 1048576K
}
Event: 18.516 GC heap after
{Heap after GC invocations=15 (full 0):
 garbage-first heap   total 76800K, used 33944K [0x0000000081e00000, 0x0000000100000000)
  region size 1024K, 4 young (4096K), 4 survivors (4096K)
 Metaspace       used 50298K, committed 50496K, reserved 1114112K
  class space    used 6055K, committed 6144K, reserved 1048576K
}
Event: 19.264 GC heap before
{Heap before GC invocations=15 (full 0):
 garbage-first heap   total 76800K, used 56472K [0x0000000081e00000, 0x0000000100000000)
  region size 1024K, 26 young (26624K), 4 survivors (4096K)
 Metaspace       used 51221K, committed 51520K, reserved 1114112K
  class space    used 6089K, committed 6208K, reserved 1048576K
}
Event: 19.285 GC heap after
{Heap after GC invocations=16 (full 0):
 garbage-first heap   total 76800K, used 36728K [0x0000000081e00000, 0x0000000100000000)
  region size 1024K, 3 young (3072K), 3 survivors (3072K)
 Metaspace       used 51221K, committed 51520K, reserved 1114112K
  class space    used 6089K, committed 6208K, reserved 1048576K
}
Event: 21.099 GC heap before
{Heap before GC invocations=16 (full 0):
 garbage-first heap   total 76800K, used 57208K [0x0000000081e00000, 0x0000000100000000)
  region size 1024K, 23 young (23552K), 3 survivors (3072K)
 Metaspace       used 52888K, committed 53120K, reserved 1114112K
  class space    used 6214K, committed 6336K, reserved 1048576K
}
Event: 21.126 GC heap after
{Heap after GC invocations=17 (full 0):
 garbage-first heap   total 76800K, used 41654K [0x0000000081e00000, 0x0000000100000000)
  region size 1024K, 3 young (3072K), 3 survivors (3072K)
 Metaspace       used 52888K, committed 53120K, reserved 1114112K
  class space    used 6214K, committed 6336K, reserved 1048576K
}
Event: 23.395 GC heap before
{Heap before GC invocations=17 (full 0):
 garbage-first heap   total 76800K, used 57014K [0x0000000081e00000, 0x0000000100000000)
  region size 1024K, 19 young (19456K), 3 survivors (3072K)
 Metaspace       used 55918K, committed 56192K, reserved 1114112K
  class space    used 6601K, committed 6720K, reserved 1048576K
}
Event: 23.416 GC heap after
{Heap after GC invocations=18 (full 0):
 garbage-first heap   total 76800K, used 44516K [0x0000000081e00000, 0x0000000100000000)
  region size 1024K, 3 young (3072K), 3 survivors (3072K)
 Metaspace       used 55918K, committed 56192K, reserved 1114112K
  class space    used 6601K, committed 6720K, reserved 1048576K
}
Event: 24.539 GC heap before
{Heap before GC invocations=19 (full 0):
 garbage-first heap   total 80896K, used 59876K [0x0000000081e00000, 0x0000000100000000)
  region size 1024K, 17 young (17408K), 3 survivors (3072K)
 Metaspace       used 56894K, committed 57152K, reserved 1114112K
  class space    used 6693K, committed 6784K, reserved 1048576K
}
Event: 24.564 GC heap after
{Heap after GC invocations=20 (full 0):
 garbage-first heap   total 80896K, used 50176K [0x0000000081e00000, 0x0000000100000000)
  region size 1024K, 3 young (3072K), 3 survivors (3072K)
 Metaspace       used 56894K, committed 57152K, reserved 1114112K
  class space    used 6693K, committed 6784K, reserved 1048576K
}
Event: 24.579 GC heap before
{Heap before GC invocations=20 (full 0):
 garbage-first heap   total 80896K, used 51200K [0x0000000081e00000, 0x0000000100000000)
  region size 1024K, 4 young (4096K), 3 survivors (3072K)
 Metaspace       used 56898K, committed 57152K, reserved 1114112K
  class space    used 6693K, committed 6784K, reserved 1048576K
}
Event: 24.594 GC heap after
{Heap after GC invocations=21 (full 0):
 garbage-first heap   total 97280K, used 49705K [0x0000000081e00000, 0x0000000100000000)
  region size 1024K, 1 young (1024K), 1 survivors (1024K)
 Metaspace       used 56898K, committed 57152K, reserved 1114112K
  class space    used 6693K, committed 6784K, reserved 1048576K
}
Event: 25.913 GC heap before
{Heap before GC invocations=21 (full 0):
 garbage-first heap   total 97280K, used 73257K [0x0000000081e00000, 0x0000000100000000)
  region size 1024K, 25 young (25600K), 1 survivors (1024K)
 Metaspace       used 57362K, committed 57600K, reserved 1114112K
  class space    used 6725K, committed 6848K, reserved 1048576K
}
Event: 25.937 GC heap after
{Heap after GC invocations=22 (full 0):
 garbage-first heap   total 97280K, used 55135K [0x0000000081e00000, 0x0000000100000000)
  region size 1024K, 4 young (4096K), 4 survivors (4096K)
 Metaspace       used 57362K, committed 57600K, reserved 1114112K
  class space    used 6725K, committed 6848K, reserved 1048576K
}
Event: 27.037 GC heap before
{Heap before GC invocations=23 (full 0):
 garbage-first heap   total 97280K, used 74591K [0x0000000081e00000, 0x0000000100000000)
  region size 1024K, 23 young (23552K), 4 survivors (4096K)
 Metaspace       used 58213K, committed 58432K, reserved 1114112K
  class space    used 6768K, committed 6848K, reserved 1048576K
}
Event: 27.063 GC heap after
{Heap after GC invocations=24 (full 0):
 garbage-first heap   total 97280K, used 58768K [0x0000000081e00000, 0x0000000100000000)
  region size 1024K, 3 young (3072K), 3 survivors (3072K)
 Metaspace       used 58213K, committed 58432K, reserved 1114112K
  class space    used 6768K, committed 6848K, reserved 1048576K
}
Event: 27.087 GC heap before
{Heap before GC invocations=24 (full 0):
 garbage-first heap   total 97280K, used 59792K [0x0000000081e00000, 0x0000000100000000)
  region size 1024K, 4 young (4096K), 3 survivors (3072K)
 Metaspace       used 58216K, committed 58432K, reserved 1114112K
  class space    used 6768K, committed 6848K, reserved 1048576K
}
Event: 27.099 GC heap after
{Heap after GC invocations=25 (full 0):
 garbage-first heap   total 97280K, used 58713K [0x0000000081e00000, 0x0000000100000000)
  region size 1024K, 1 young (1024K), 1 survivors (1024K)
 Metaspace       used 58216K, committed 58432K, reserved 1114112K
  class space    used 6768K, committed 6848K, reserved 1048576K
}

